
GTKWave Analyzer v3.3.110 (w)1999-2020 BSI

RCVAR   | 'splash_disable on' FOUND
[0] start time.
[20] end time.
** WARNING: Error opening save file '.dump.gtkw', skipping.
GTKWAVE | Wrote save file OK.
WM Destroy

GTKWave Analyzer v3.3.110 (w)1999-2020 BSI

RCVAR   | 'splash_disable on' FOUND
[0] start time.
[20] end time.
GTKWAVE | Wrote save file OK.
WM Destroy

GTKWave Analyzer v3.3.110 (w)1999-2020 BSI

RCVAR   | 'splash_disable on' FOUND
[0] start time.
[20] end time.
GTKWAVE | Wrote save file OK.
WM Destroy

GTKWave Analyzer v3.3.110 (w)1999-2020 BSI

RCVAR   | 'splash_disable on' FOUND
[0] start time.
[20] end time.
GTKWAVE | Wrote save file OK.
WM Destroy

GTKWave Analyzer v3.3.110 (w)1999-2020 BSI

RCVAR   | 'splash_disable on' FOUND
[0] start time.
[20] end time.
GTKWAVE | Wrote save file OK.
WM Destroy

GTKWave Analyzer v3.3.110 (w)1999-2020 BSI

RCVAR   | 'splash_disable on' FOUND
[0] start time.
[20] end time.
GTKWAVE | Wrote save file OK.
WM Destroy

GTKWave Analyzer v3.3.110 (w)1999-2020 BSI

RCVAR   | 'splash_disable on' FOUND
[0] start time.
[20] end time.
GTKWAVE | Wrote save file OK.
WM Destroy

GTKWave Analyzer v3.3.110 (w)1999-2020 BSI

RCVAR   | 'splash_disable on' FOUND
[0] start time.
[20] end time.
GTKWAVE | Wrote save file OK.
WM Destroy

GTKWave Analyzer v3.3.110 (w)1999-2020 BSI

RCVAR   | 'splash_disable on' FOUND
[0] start time.
[20] end time.
GTKWAVE | Wrote save file OK.
WM Destroy

GTKWave Analyzer v3.3.110 (w)1999-2020 BSI

RCVAR   | 'splash_disable on' FOUND
[0] start time.
[20] end time.
GTKWAVE | Wrote save file OK.
WM Destroy

GTKWave Analyzer v3.3.110 (w)1999-2020 BSI

RCVAR   | 'splash_disable on' FOUND
[0] start time.
[20] end time.
GTKWAVE | Wrote save file OK.
WM Destroy

GTKWave Analyzer v3.3.110 (w)1999-2020 BSI

RCVAR   | 'splash_disable on' FOUND
[0] start time.
[20] end time.
GTKWAVE | Wrote save file OK.
WM Destroy

GTKWave Analyzer v3.3.110 (w)1999-2020 BSI

RCVAR   | 'splash_disable on' FOUND
[0] start time.
[20] end time.
GTKWAVE | Wrote save file OK.
WM Destroy

GTKWave Analyzer v3.3.110 (w)1999-2020 BSI

RCVAR   | 'splash_disable on' FOUND
[0] start time.
[20] end time.
GTKWAVE | Wrote save file OK.
WM Destroy

GTKWave Analyzer v3.3.110 (w)1999-2020 BSI

RCVAR   | 'splash_disable on' FOUND
[0] start time.
[20] end time.
GTKWAVE | Wrote save file OK.
WM Destroy

GTKWave Analyzer v3.3.110 (w)1999-2020 BSI

RCVAR   | 'splash_disable on' FOUND
[0] start time.
[20] end time.
GTKWAVE | Wrote save file OK.
WM Destroy

GTKWave Analyzer v3.3.110 (w)1999-2020 BSI

RCVAR   | 'splash_disable on' FOUND
[0] start time.
[20] end time.

GTKWave Analyzer v3.3.110 (w)1999-2020 BSI

RCVAR   | 'splash_disable on' FOUND
[0] start time.
[20] end time.
GTKWAVE | Wrote save file OK.
WM Destroy

GTKWave Analyzer v3.3.110 (w)1999-2020 BSI

RCVAR   | 'splash_disable on' FOUND
[0] start time.
[20] end time.
GTKWAVE | Wrote save file OK.
WM Destroy

GTKWave Analyzer v3.3.110 (w)1999-2020 BSI

RCVAR   | 'splash_disable on' FOUND
[0] start time.
[20] end time.
GTKWAVE | Wrote save file OK.
WM Destroy

GTKWave Analyzer v3.3.110 (w)1999-2020 BSI

RCVAR   | 'splash_disable on' FOUND
[0] start time.
[20] end time.

GTKWave Analyzer v3.3.110 (w)1999-2020 BSI

RCVAR   | 'splash_disable on' FOUND
[0] start time.
[20] end time.

GTKWave Analyzer v3.3.115 (w)1999-2023 BSI

RCVAR   | 'splash_disable on' FOUND
[0] start time.
[20] end time.

GTKWave Analyzer v3.3.115 (w)1999-2023 BSI

RCVAR   | 'splash_disable on' FOUND
[0] start time.
[20] end time.

GTKWave Analyzer v3.3.115 (w)1999-2023 BSI

RCVAR   | 'splash_disable on' FOUND
[0] start time.
[20] end time.

GTKWave Analyzer v3.3.115 (w)1999-2023 BSI

RCVAR   | 'splash_disable on' FOUND
[0] start time.
[20] end time.

GTKWave Analyzer v3.3.115 (w)1999-2023 BSI

RCVAR   | 'splash_disable on' FOUND
[0] start time.
[20] end time.

GTKWave Analyzer v3.3.115 (w)1999-2023 BSI

RCVAR   | 'splash_disable on' FOUND
[0] start time.
[20] end time.

GTKWave Analyzer v3.3.115 (w)1999-2023 BSI

RCVAR   | 'splash_disable on' FOUND
[0] start time.
[20] end time.

GTKWave Analyzer v3.3.115 (w)1999-2023 BSI

RCVAR   | 'splash_disable on' FOUND
[0] start time.
[20] end time.

GTKWave Analyzer v3.3.115 (w)1999-2023 BSI

RCVAR   | 'splash_disable on' FOUND
[0] start time.
[20] end time.

GTKWave Analyzer v3.3.115 (w)1999-2023 BSI

RCVAR   | 'splash_disable on' FOUND
[0] start time.
[20] end time.
